Flow report for canal_Rx
Fri Jul 19 21:13:14 2019
Quartus II Version 9.0 Build 132 02/25/2009 SJ Full Version


---------------------
; Table of Contents ;
---------------------
  1. Legal Notice
  2. Flow Summary
  3. Flow Settings
  4. Flow Non-Default Global Settings
  5. Flow Elapsed Time
  6. Flow OS Summary
  7. Flow Log



----------------
; Legal Notice ;
----------------
Copyright (C) 1991-2009 Altera Corporation
Your use of Altera Corporation's design tools, logic functions 
and other software and tools, and its AMPP partner logic 
functions, and any output files from any of the foregoing 
(including device programming or simulation files), and any 
associated documentation or information are expressly subject 
to the terms and conditions of the Altera Program License 
Subscription Agreement, Altera MegaCore Function License 
Agreement, or other applicable license agreement, including, 
without limitation, that your use is for the sole purpose of 
programming logic devices manufactured by Altera and sold by 
Altera or its authorized distributors.  Please refer to the 
applicable agreement for further details.



+-------------------------------------------------------------------------------+
; Flow Summary                                                                  ;
+------------------------------------+------------------------------------------+
; Flow Status                        ; Successful - Fri Jul 19 21:13:14 2019    ;
; Quartus II Version                 ; 9.0 Build 132 02/25/2009 SJ Full Version ;
; Revision Name                      ; canal_Rx                                 ;
; Top-level Entity Name              ; canal_Rx                                 ;
; Family                             ; Cyclone II                               ;
; Met timing requirements            ; Yes                                      ;
; Total logic elements               ; 719 / 4,608 ( 16 % )                     ;
;     Total combinational functions  ; 705 / 4,608 ( 15 % )                     ;
;     Dedicated logic registers      ; 473 / 4,608 ( 10 % )                     ;
; Total registers                    ; 473                                      ;
; Total pins                         ; 35 / 89 ( 39 % )                         ;
; Total virtual pins                 ; 0                                        ;
; Total memory bits                  ; 4,952 / 119,808 ( 4 % )                  ;
; Embedded Multiplier 9-bit elements ; 0 / 26 ( 0 % )                           ;
; Total PLLs                         ; 0 / 2 ( 0 % )                            ;
; Device                             ; EP2C5T144C6                              ;
; Timing Models                      ; Final                                    ;
+------------------------------------+------------------------------------------+


+-----------------------------------------+
; Flow Settings                           ;
+-------------------+---------------------+
; Option            ; Setting             ;
+-------------------+---------------------+
; Start date & time ; 07/19/2019 21:12:41 ;
; Main task         ; Compilation         ;
; Revision Name     ; canal_Rx            ;
+-------------------+---------------------+


+------------------------------------------------------------------------------------------------------------------+
; Flow Non-Default Global Settings                                                                                 ;
+------------------------------------+------------------------------+---------------+-------------+----------------+
; Assignment Name                    ; Value                        ; Default Value ; Entity Name ; Section Id     ;
+------------------------------------+------------------------------+---------------+-------------+----------------+
; COMPILER_SIGNATURE_ID              ; 129778144905.156356716106540 ; --            ; --          ; --             ;
; PARTITION_COLOR                    ; 16764057                     ; --            ; --          ; Top            ;
; PARTITION_NETLIST_TYPE             ; SOURCE                       ; --            ; --          ; Top            ;
; USE_GENERATED_PHYSICAL_CONSTRAINTS ; Off                          ; --            ; --          ; eda_blast_fpga ;
+------------------------------------+------------------------------+---------------+-------------+----------------+


+-----------------------------------------------------------------------------------------------------------------------------+
; Flow Elapsed Time                                                                                                           ;
+-------------------------+--------------+-------------------------+---------------------+------------------------------------+
; Module Name             ; Elapsed Time ; Average Processors Used ; Peak Virtual Memory ; Total CPU Time (on all processors) ;
+-------------------------+--------------+-------------------------+---------------------+------------------------------------+
; Analysis & Synthesis    ; 00:00:13     ; 1.0                     ; 239 MB              ; 00:00:12                           ;
; Fitter                  ; 00:00:08     ; 1.0                     ; 226 MB              ; 00:00:06                           ;
; Assembler               ; 00:00:05     ; 1.0                     ; 188 MB              ; 00:00:04                           ;
; Classic Timing Analyzer ; 00:00:01     ; 1.0                     ; 157 MB              ; 00:00:01                           ;
; Total                   ; 00:00:27     ; --                      ; --                  ; 00:00:23                           ;
+-------------------------+--------------+-------------------------+---------------------+------------------------------------+


+------------------------------------------------------------------------------------------+
; Flow OS Summary                                                                          ;
+-------------------------+------------------+---------------+------------+----------------+
; Module Name             ; Machine Hostname ; OS Name       ; OS Version ; Processor type ;
+-------------------------+------------------+---------------+------------+----------------+
; Analysis & Synthesis    ; AARIZOU-PC       ; Windows Vista ; 6.1        ; i686           ;
; Fitter                  ; AARIZOU-PC       ; Windows Vista ; 6.1        ; i686           ;
; Assembler               ; AARIZOU-PC       ; Windows Vista ; 6.1        ; i686           ;
; Classic Timing Analyzer ; AARIZOU-PC       ; Windows Vista ; 6.1        ; i686           ;
+-------------------------+------------------+---------------+------------+----------------+


------------
; Flow Log ;
------------
quartus_map --read_settings_files=on --write_settings_files=off canal_Rx -c canal_Rx
quartus_fit --read_settings_files=off --write_settings_files=off canal_Rx -c canal_Rx
quartus_asm --read_settings_files=off --write_settings_files=off canal_Rx -c canal_Rx
quartus_tan --read_settings_files=off --write_settings_files=off canal_Rx -c canal_Rx --timing_analysis_only



